# JRE version: Java(TM) SE Runtime Environment (8.0_301-b09) (build 1.8.0_301-b09)
# Java VM: Java HotSpot(TM) 64-Bit Server VM (25.301-b09 mixed mode windows-amd64 compressed oops)
Heap:
 PSYoungGen      total 28160K, used 22363K [0x00000000e0c00000, 0x00000000e2b00000, 0x0000000100000000)
  eden space 24576K, 90% used [0x00000000e0c00000,0x00000000e21d6d30,0x00000000e2400000)
  from space 3584K, 0% used [0x00000000e2400000,0x00000000e2400000,0x00000000e2780000)
  to   space 3584K, 0% used [0x00000000e2780000,0x00000000e2780000,0x00000000e2b00000)
 ParOldGen       total 47616K, used 1204K [0x00000000a2400000, 0x00000000a5280000, 0x00000000e0c00000)
  object space 47616K, 2% used [0x00000000a2400000,0x00000000a252d208,0x00000000a5280000)
 Metaspace       used 14791K, capacity 15342K, committed 15616K, reserved 1062912K
  class space    used 1885K, capacity 2001K, committed 2048K, reserved 1048576K
GC Heap History (4 events):
Event: 0.362 GC heap before
{Heap before GC invocations=1 (full 0):
 PSYoungGen      total 28160K, used 12057K [0x00000000e0c00000, 0x00000000e2b00000, 0x0000000100000000)
  eden space 24576K, 49% used [0x00000000e0c00000,0x00000000e17c6698,0x00000000e2400000)
  from space 3584K, 0% used [0x00000000e2780000,0x00000000e2780000,0x00000000e2b00000)
  to   space 3584K, 0% used [0x00000000e2400000,0x00000000e2400000,0x00000000e2780000)
 ParOldGen       total 64512K, used 0K [0x00000000a2400000, 0x00000000a6300000, 0x00000000e0c00000)
  object space 64512K, 0% used [0x00000000a2400000,0x00000000a2400000,0x00000000a6300000)
 Metaspace       used 8444K, capacity 8834K, committed 8960K, reserved 1060864K
  class space    used 1034K, capacity 1168K, committed 1280K, reserved 1048576K
Event: 0.363 GC heap after
Heap after GC invocations=1 (full 0):
 PSYoungGen      total 28160K, used 1392K [0x00000000e0c00000, 0x00000000e2b00000, 0x0000000100000000)
  eden space 24576K, 0% used [0x00000000e0c00000,0x00000000e0c00000,0x00000000e2400000)
  from space 3584K, 38% used [0x00000000e2400000,0x00000000e255c040,0x00000000e2780000)
  to   space 3584K, 0% used [0x00000000e2780000,0x00000000e2780000,0x00000000e2b00000)
 ParOldGen       total 64512K, used 8K [0x00000000a2400000, 0x00000000a6300000, 0x00000000e0c00000)
  object space 64512K, 0% used [0x00000000a2400000,0x00000000a2402000,0x00000000a6300000)
 Metaspace       used 8444K, capacity 8834K, committed 8960K, reserved 1060864K
  class space    used 1034K, capacity 1168K, committed 1280K, reserved 1048576K
}
Event: 0.363 GC heap before
{Heap before GC invocations=2 (full 1):
 PSYoungGen      total 28160K, used 1392K [0x00000000e0c00000, 0x00000000e2b00000, 0x0000000100000000)
  eden space 24576K, 0% used [0x00000000e0c00000,0x00000000e0c00000,0x00000000e2400000)
  from space 3584K, 38% used [0x00000000e2400000,0x00000000e255c040,0x00000000e2780000)
  to   space 3584K, 0% used [0x00000000e2780000,0x00000000e2780000,0x00000000e2b00000)
 ParOldGen       total 64512K, used 8K [0x00000000a2400000, 0x00000000a6300000, 0x00000000e0c00000)
  object space 64512K, 0% used [0x00000000a2400000,0x00000000a2402000,0x00000000a6300000)
 Metaspace       used 8444K, capacity 8834K, committed 8960K, reserved 1060864K
  class space    used 1034K, capacity 1168K, committed 1280K, reserved 1048576K
Event: 0.370 GC heap after
Heap after GC invocations=2 (full 1):
 PSYoungGen      total 28160K, used 0K [0x00000000e0c00000, 0x00000000e2b00000, 0x0000000100000000)
  eden space 24576K, 0% used [0x00000000e0c00000,0x00000000e0c00000,0x00000000e2400000)
  from space 3584K, 0% used [0x00000000e2400000,0x00000000e2400000,0x00000000e2780000)
  to   space 3584K, 0% used [0x00000000e2780000,0x00000000e2780000,0x00000000e2b00000)
 ParOldGen       total 47616K, used 1204K [0x00000000a2400000, 0x00000000a5280000, 0x00000000e0c00000)
  object space 47616K, 2% used [0x00000000a2400000,0x00000000a252d208,0x00000000a5280000)
 Metaspace       used 8444K, capacity 8834K, committed 8960K, reserved 1058816K
  class space    used 1034K, capacity 1168K, committed 1280K, reserved 1048576K
}

