# JRE version: Java(TM) SE Runtime Environment (8.0_301-b09) (build 1.8.0_301-b09)
# Java VM: Java HotSpot(TM) 64-Bit Server VM (25.301-b09 mixed mode windows-amd64 compressed oops)
Heap:
 PSYoungGen      total 60416K, used 11085K [0x00000000e0c00000, 0x00000000e5a00000, 0x0000000100000000)
  eden space 51200K, 4% used [0x00000000e0c00000,0x00000000e0e1b710,0x00000000e3e00000)
  from space 9216K, 96% used [0x00000000e3f80000,0x00000000e4838010,0x00000000e4880000)
  to   space 14336K, 0% used [0x00000000e4c00000,0x00000000e4c00000,0x00000000e5a00000)
 ParOldGen       total 57856K, used 27131K [0x00000000a2400000, 0x00000000a5c80000, 0x00000000e0c00000)
  object space 57856K, 46% used [0x00000000a2400000,0x00000000a3e7edf8,0x00000000a5c80000)
 Metaspace       used 27456K, capacity 28686K, committed 28928K, reserved 1075200K
  class space    used 3505K, capacity 3767K, committed 3840K, reserved 1048576K
GC Heap History (10 events):
Event: 1.233 GC heap before
{Heap before GC invocations=4 (full 1):
 PSYoungGen      total 28160K, used 3301K [0x00000000e0c00000, 0x00000000e4300000, 0x0000000100000000)
  eden space 24576K, 0% used [0x00000000e0c00000,0x00000000e0c00000,0x00000000e2400000)
  from space 3584K, 92% used [0x00000000e2400000,0x00000000e2739540,0x00000000e2780000)
  to   space 3584K, 0% used [0x00000000e3f80000,0x00000000e3f80000,0x00000000e4300000)
 ParOldGen       total 64512K, used 10577K [0x00000000a2400000, 0x00000000a6300000, 0x00000000e0c00000)
  object space 64512K, 16% used [0x00000000a2400000,0x00000000a2e54690,0x00000000a6300000)
 Metaspace       used 20202K, capacity 21174K, committed 21248K, reserved 1067008K
  class space    used 2844K, capacity 3043K, committed 3072K, reserved 1048576K
Event: 1.250 GC heap after
Heap after GC invocations=4 (full 1):
 PSYoungGen      total 28160K, used 0K [0x00000000e0c00000, 0x00000000e4300000, 0x0000000100000000)
  eden space 24576K, 0% used [0x00000000e0c00000,0x00000000e0c00000,0x00000000e2400000)
  from space 3584K, 0% used [0x00000000e2400000,0x00000000e2400000,0x00000000e2780000)
  to   space 3584K, 0% used [0x00000000e3f80000,0x00000000e3f80000,0x00000000e4300000)
 ParOldGen       total 57856K, used 12227K [0x00000000a2400000, 0x00000000a5c80000, 0x00000000e0c00000)
  object space 57856K, 21% used [0x00000000a2400000,0x00000000a2ff0d20,0x00000000a5c80000)
 Metaspace       used 20202K, capacity 21174K, committed 21248K, reserved 1067008K
  class space    used 2844K, capacity 3043K, committed 3072K, reserved 1048576K
}
Event: 20.979 GC heap before
{Heap before GC invocations=5 (full 1):
 PSYoungGen      total 28160K, used 24576K [0x00000000e0c00000, 0x00000000e4300000, 0x0000000100000000)
  eden space 24576K, 100% used [0x00000000e0c00000,0x00000000e2400000,0x00000000e2400000)
  from space 3584K, 0% used [0x00000000e2400000,0x00000000e2400000,0x00000000e2780000)
  to   space 3584K, 0% used [0x00000000e3f80000,0x00000000e3f80000,0x00000000e4300000)
 ParOldGen       total 57856K, used 12227K [0x00000000a2400000, 0x00000000a5c80000, 0x00000000e0c00000)
  object space 57856K, 21% used [0x00000000a2400000,0x00000000a2ff0d20,0x00000000a5c80000)
 Metaspace       used 22844K, capacity 24002K, committed 24192K, reserved 1071104K
  class space    used 3116K, capacity 3345K, committed 3456K, reserved 1048576K
Event: 20.983 GC heap after
Heap after GC invocations=5 (full 1):
 PSYoungGen      total 39936K, used 3552K [0x00000000e0c00000, 0x00000000e4300000, 0x0000000100000000)
  eden space 36352K, 0% used [0x00000000e0c00000,0x00000000e0c00000,0x00000000e2f80000)
  from space 3584K, 99% used [0x00000000e3f80000,0x00000000e42f8010,0x00000000e4300000)
  to   space 3584K, 0% used [0x00000000e3c00000,0x00000000e3c00000,0x00000000e3f80000)
 ParOldGen       total 57856K, used 17363K [0x00000000a2400000, 0x00000000a5c80000, 0x00000000e0c00000)
  object space 57856K, 30% used [0x00000000a2400000,0x00000000a34f4e70,0x00000000a5c80000)
 Metaspace       used 22844K, capacity 24002K, committed 24192K, reserved 1071104K
  class space    used 3116K, capacity 3345K, committed 3456K, reserved 1048576K
}
Event: 22.081 GC heap before
{Heap before GC invocations=6 (full 1):
 PSYoungGen      total 39936K, used 39904K [0x00000000e0c00000, 0x00000000e4300000, 0x0000000100000000)
  eden space 36352K, 100% used [0x00000000e0c00000,0x00000000e2f80000,0x00000000e2f80000)
  from space 3584K, 99% used [0x00000000e3f80000,0x00000000e42f8010,0x00000000e4300000)
  to   space 3584K, 0% used [0x00000000e3c00000,0x00000000e3c00000,0x00000000e3f80000)
 ParOldGen       total 57856K, used 17363K [0x00000000a2400000, 0x00000000a5c80000, 0x00000000e0c00000)
  object space 57856K, 30% used [0x00000000a2400000,0x00000000a34f4e70,0x00000000a5c80000)
 Metaspace       used 26275K, capacity 27436K, committed 27520K, reserved 1073152K
  class space    used 3461K, capacity 3710K, committed 3712K, reserved 1048576K
Event: 22.086 GC heap after
Heap after GC invocations=6 (full 1):
 PSYoungGen      total 52736K, used 3552K [0x00000000e0c00000, 0x00000000e5e80000, 0x0000000100000000)
  eden space 49152K, 0% used [0x00000000e0c00000,0x00000000e0c00000,0x00000000e3c00000)
  from space 3584K, 99% used [0x00000000e3c00000,0x00000000e3f78010,0x00000000e3f80000)
  to   space 16384K, 0% used [0x00000000e4e80000,0x00000000e4e80000,0x00000000e5e80000)
 ParOldGen       total 57856K, used 27115K [0x00000000a2400000, 0x00000000a5c80000, 0x00000000e0c00000)
  object space 57856K, 46% used [0x00000000a2400000,0x00000000a3e7adf8,0x00000000a5c80000)
 Metaspace       used 26275K, capacity 27436K, committed 27520K, reserved 1073152K
  class space    used 3461K, capacity 3710K, committed 3712K, reserved 1048576K
}
Event: 26.322 GC heap before
{Heap before GC invocations=7 (full 1):
 PSYoungGen      total 52736K, used 52704K [0x00000000e0c00000, 0x00000000e5e80000, 0x0000000100000000)
  eden space 49152K, 100% used [0x00000000e0c00000,0x00000000e3c00000,0x00000000e3c00000)
  from space 3584K, 99% used [0x00000000e3c00000,0x00000000e3f78010,0x00000000e3f80000)
  to   space 16384K, 0% used [0x00000000e4e80000,0x00000000e4e80000,0x00000000e5e80000)
 ParOldGen       total 57856K, used 27115K [0x00000000a2400000, 0x00000000a5c80000, 0x00000000e0c00000)
  object space 57856K, 46% used [0x00000000a2400000,0x00000000a3e7adf8,0x00000000a5c80000)
 Metaspace       used 27189K, capacity 28396K, committed 28672K, reserved 1075200K
  class space    used 3497K, capacity 3760K, committed 3840K, reserved 1048576K
Event: 26.326 GC heap after
Heap after GC invocations=7 (full 1):
 PSYoungGen      total 69120K, used 8576K [0x00000000e0c00000, 0x00000000e6b80000, 0x0000000100000000)
  eden space 52736K, 0% used [0x00000000e0c00000,0x00000000e0c00000,0x00000000e3f80000)
  from space 16384K, 52% used [0x00000000e4e80000,0x00000000e56e0010,0x00000000e5e80000)
  to   space 15360K, 0% used [0x00000000e3f80000,0x00000000e3f80000,0x00000000e4e80000)
 ParOldGen       total 57856K, used 27123K [0x00000000a2400000, 0x00000000a5c80000, 0x00000000e0c00000)
  object space 57856K, 46% used [0x00000000a2400000,0x00000000a3e7cdf8,0x00000000a5c80000)
 Metaspace       used 27189K, capacity 28396K, committed 28672K, reserved 1075200K
  class space    used 3497K, capacity 3760K, committed 3840K, reserved 1048576K
}
Event: 171.473 GC heap before
{Heap before GC invocations=8 (full 1):
 PSYoungGen      total 69120K, used 61312K [0x00000000e0c00000, 0x00000000e6b80000, 0x0000000100000000)
  eden space 52736K, 100% used [0x00000000e0c00000,0x00000000e3f80000,0x00000000e3f80000)
  from space 16384K, 52% used [0x00000000e4e80000,0x00000000e56e0010,0x00000000e5e80000)
  to   space 15360K, 0% used [0x00000000e3f80000,0x00000000e3f80000,0x00000000e4e80000)
 ParOldGen       total 57856K, used 27123K [0x00000000a2400000, 0x00000000a5c80000, 0x00000000e0c00000)
  object space 57856K, 46% used [0x00000000a2400000,0x00000000a3e7cdf8,0x00000000a5c80000)
 Metaspace       used 27447K, capacity 28686K, committed 28928K, reserved 1075200K
  class space    used 3505K, capacity 3767K, committed 3840K, reserved 1048576K
Event: 171.523 GC heap after
Heap after GC invocations=8 (full 1):
 PSYoungGen      total 60416K, used 8928K [0x00000000e0c00000, 0x00000000e5a00000, 0x0000000100000000)
  eden space 51200K, 0% used [0x00000000e0c00000,0x00000000e0c00000,0x00000000e3e00000)
  from space 9216K, 96% used [0x00000000e3f80000,0x00000000e4838010,0x00000000e4880000)
  to   space 14336K, 0% used [0x00000000e4c00000,0x00000000e4c00000,0x00000000e5a00000)
 ParOldGen       total 57856K, used 27131K [0x00000000a2400000, 0x00000000a5c80000, 0x00000000e0c00000)
  object space 57856K, 46% used [0x00000000a2400000,0x00000000a3e7edf8,0x00000000a5c80000)
 Metaspace       used 27447K, capacity 28686K, committed 28928K, reserved 1075200K
  class space    used 3505K, capacity 3767K, committed 3840K, reserved 1048576K
}

