Heap:
 PSYoungGen      total 52736K, used 48042K [0x00000000e0c00000, 0x00000000e6180000, 0x0000000100000000)
  eden space 49152K, 90% used [0x00000000e0c00000,0x00000000e3772b28,0x00000000e3c00000)
  from space 3584K, 99% used [0x00000000e3c00000,0x00000000e3f78010,0x00000000e3f80000)
  to   space 14336K, 0% used [0x00000000e5380000,0x00000000e5380000,0x00000000e6180000)
 ParOldGen       total 55296K, used 24462K [0x00000000a2400000, 0x00000000a5a00000, 0x00000000e0c00000)
  object space 55296K, 44% used [0x00000000a2400000,0x00000000a3be3ae8,0x00000000a5a00000)
 Metaspace       used 27299K, capacity 28634K, committed 28976K, reserved 1075200K
  class space    used 3516K, capacity 3781K, committed 3888K, reserved 1048576K
GC Heap History (10 events):
Event: 1.616 GC heap before
{Heap before GC invocations=2 (full 0):
 PSYoungGen      total 28160K, used 28138K [0x00000000e0c00000, 0x00000000e2b00000, 0x0000000100000000)
  eden space 24576K, 100% used [0x00000000e0c00000,0x00000000e2400000,0x00000000e2400000)
  from space 3584K, 99% used [0x00000000e2400000,0x00000000e277a930,0x00000000e2780000)
  to   space 3584K, 0% used [0x00000000e2780000,0x00000000e2780000,0x00000000e2b00000)
 ParOldGen       total 64512K, used 1764K [0x00000000a2400000, 0x00000000a6300000, 0x00000000e0c00000)
  object space 64512K, 2% used [0x00000000a2400000,0x00000000a25b9288,0x00000000a6300000)
 Metaspace       used 19709K, capacity 20662K, committed 20992K, reserved 1067008K
  class space    used 2767K, capacity 2995K, committed 3072K, reserved 1048576K
Event: 1.623 GC heap after
Heap after GC invocations=2 (full 0):
 PSYoungGen      total 28160K, used 3568K [0x00000000e0c00000, 0x00000000e2b00000, 0x0000000100000000)
  eden space 24576K, 0% used [0x00000000e0c00000,0x00000000e0c00000,0x00000000e2400000)
  from space 3584K, 99% used [0x00000000e2780000,0x00000000e2afc030,0x00000000e2b00000)
  to   space 3584K, 0% used [0x00000000e2400000,0x00000000e2400000,0x00000000e2780000)
 ParOldGen       total 64512K, used 9588K [0x00000000a2400000, 0x00000000a6300000, 0x00000000e0c00000)
  object space 64512K, 14% used [0x00000000a2400000,0x00000000a2d5d3f0,0x00000000a6300000)
 Metaspace       used 19709K, capacity 20662K, committed 20992K, reserved 1067008K
  class space    used 2767K, capacity 2995K, committed 3072K, reserved 1048576K
}
Event: 1.680 GC heap before
{Heap before GC invocations=3 (full 0):
 PSYoungGen      total 28160K, used 5715K [0x00000000e0c00000, 0x00000000e2b00000, 0x0000000100000000)
  eden space 24576K, 8% used [0x00000000e0c00000,0x00000000e0e18f88,0x00000000e2400000)
  from space 3584K, 99% used [0x00000000e2780000,0x00000000e2afc030,0x00000000e2b00000)
  to   space 3584K, 0% used [0x00000000e2400000,0x00000000e2400000,0x00000000e2780000)
 ParOldGen       total 64512K, used 9588K [0x00000000a2400000, 0x00000000a6300000, 0x00000000e0c00000)
  object space 64512K, 14% used [0x00000000a2400000,0x00000000a2d5d3f0,0x00000000a6300000)
 Metaspace       used 20224K, capacity 21202K, committed 21296K, reserved 1067008K
  class space    used 2860K, capacity 3077K, committed 3120K, reserved 1048576K
Event: 1.684 GC heap after
Heap after GC invocations=3 (full 0):
 PSYoungGen      total 28160K, used 3552K [0x00000000e0c00000, 0x00000000e4300000, 0x0000000100000000)
  eden space 24576K, 0% used [0x00000000e0c00000,0x00000000e0c00000,0x00000000e2400000)
  from space 3584K, 99% used [0x00000000e2400000,0x00000000e2778020,0x00000000e2780000)
  to   space 3584K, 0% used [0x00000000e3f80000,0x00000000e3f80000,0x00000000e4300000)
 ParOldGen       total 64512K, used 10041K [0x00000000a2400000, 0x00000000a6300000, 0x00000000e0c00000)
  object space 64512K, 15% used [0x00000000a2400000,0x00000000a2dce460,0x00000000a6300000)
 Metaspace       used 20224K, capacity 21202K, committed 21296K, reserved 1067008K
  class space    used 2860K, capacity 3077K, committed 3120K, reserved 1048576K
}
Event: 1.684 GC heap before
{Heap before GC invocations=4 (full 1):
 PSYoungGen      total 28160K, used 3552K [0x00000000e0c00000, 0x00000000e4300000, 0x0000000100000000)
  eden space 24576K, 0% used [0x00000000e0c00000,0x00000000e0c00000,0x00000000e2400000)
  from space 3584K, 99% used [0x00000000e2400000,0x00000000e2778020,0x00000000e2780000)
  to   space 3584K, 0% used [0x00000000e3f80000,0x00000000e3f80000,0x00000000e4300000)
 ParOldGen       total 64512K, used 10041K [0x00000000a2400000, 0x00000000a6300000, 0x00000000e0c00000)
  object space 64512K, 15% used [0x00000000a2400000,0x00000000a2dce460,0x00000000a6300000)
 Metaspace       used 20224K, capacity 21202K, committed 21296K, reserved 1067008K
  class space    used 2860K, capacity 3077K, committed 3120K, reserved 1048576K
Event: 1.703 GC heap after
Heap after GC invocations=4 (full 1):
 PSYoungGen      total 28160K, used 0K [0x00000000e0c00000, 0x00000000e4300000, 0x0000000100000000)
  eden space 24576K, 0% used [0x00000000e0c00000,0x00000000e0c00000,0x00000000e2400000)
  from space 3584K, 0% used [0x00000000e2400000,0x00000000e2400000,0x00000000e2780000)
  to   space 3584K, 0% used [0x00000000e3f80000,0x00000000e3f80000,0x00000000e4300000)
 ParOldGen       total 55296K, used 11992K [0x00000000a2400000, 0x00000000a5a00000, 0x00000000e0c00000)
  object space 55296K, 21% used [0x00000000a2400000,0x00000000a2fb6098,0x00000000a5a00000)
 Metaspace       used 20224K, capacity 21202K, committed 21296K, reserved 1067008K
  class space    used 2860K, capacity 3077K, committed 3120K, reserved 1048576K
}
Event: 4.514 GC heap before
{Heap before GC invocations=5 (full 1):
 PSYoungGen      total 28160K, used 24576K [0x00000000e0c00000, 0x00000000e4300000, 0x0000000100000000)
  eden space 24576K, 100% used [0x00000000e0c00000,0x00000000e2400000,0x00000000e2400000)
  from space 3584K, 0% used [0x00000000e2400000,0x00000000e2400000,0x00000000e2780000)
  to   space 3584K, 0% used [0x00000000e3f80000,0x00000000e3f80000,0x00000000e4300000)
 ParOldGen       total 55296K, used 11992K [0x00000000a2400000, 0x00000000a5a00000, 0x00000000e0c00000)
  object space 55296K, 21% used [0x00000000a2400000,0x00000000a2fb6098,0x00000000a5a00000)
 Metaspace       used 22613K, capacity 23704K, committed 23856K, reserved 1069056K
  class space    used 3095K, capacity 3326K, committed 3376K, reserved 1048576K
Event: 4.518 GC heap after
Heap after GC invocations=5 (full 1):
 PSYoungGen      total 42496K, used 3552K [0x00000000e0c00000, 0x00000000e4300000, 0x0000000100000000)
  eden space 38912K, 0% used [0x00000000e0c00000,0x00000000e0c00000,0x00000000e3200000)
  from space 3584K, 99% used [0x00000000e3f80000,0x00000000e42f8010,0x00000000e4300000)
  to   space 3584K, 0% used [0x00000000e3c00000,0x00000000e3c00000,0x00000000e3f80000)
 ParOldGen       total 55296K, used 17288K [0x00000000a2400000, 0x00000000a5a00000, 0x00000000e0c00000)
  object space 55296K, 31% used [0x00000000a2400000,0x00000000a34e2340,0x00000000a5a00000)
 Metaspace       used 22613K, capacity 23704K, committed 23856K, reserved 1069056K
  class space    used 3095K, capacity 3326K, committed 3376K, reserved 1048576K
}
Event: 19.423 GC heap before
{Heap before GC invocations=6 (full 1):
 PSYoungGen      total 42496K, used 42464K [0x00000000e0c00000, 0x00000000e4300000, 0x0000000100000000)
  eden space 38912K, 100% used [0x00000000e0c00000,0x00000000e3200000,0x00000000e3200000)
  from space 3584K, 99% used [0x00000000e3f80000,0x00000000e42f8010,0x00000000e4300000)
  to   space 3584K, 0% used [0x00000000e3c00000,0x00000000e3c00000,0x00000000e3f80000)
 ParOldGen       total 55296K, used 17288K [0x00000000a2400000, 0x00000000a5a00000, 0x00000000e0c00000)
  object space 55296K, 31% used [0x00000000a2400000,0x00000000a34e2340,0x00000000a5a00000)
 Metaspace       used 25570K, capacity 26768K, committed 26928K, reserved 1073152K
  class space    used 3346K, capacity 3626K, committed 3632K, reserved 1048576K
Event: 19.428 GC heap after
Heap after GC invocations=6 (full 1):
 PSYoungGen      total 52736K, used 3552K [0x00000000e0c00000, 0x00000000e6180000, 0x0000000100000000)
  eden space 49152K, 0% used [0x00000000e0c00000,0x00000000e0c00000,0x00000000e3c00000)
  from space 3584K, 99% used [0x00000000e3c00000,0x00000000e3f78010,0x00000000e3f80000)
  to   space 14336K, 0% used [0x00000000e5380000,0x00000000e5380000,0x00000000e6180000)
 ParOldGen       total 55296K, used 24462K [0x00000000a2400000, 0x00000000a5a00000, 0x00000000e0c00000)
  object space 55296K, 44% used [0x00000000a2400000,0x00000000a3be3ae8,0x00000000a5a00000)
 Metaspace       used 25570K, capacity 26768K, committed 26928K, reserved 1073152K
  class space    used 3346K, capacity 3626K, committed 3632K, reserved 1048576K
}

