# JRE version: Java(TM) SE Runtime Environment (8.0_301-b09) (build 1.8.0_301-b09)
# Java VM: Java HotSpot(TM) 64-Bit Server VM (25.301-b09 mixed mode windows-amd64 compressed oops)
Heap:
 PSYoungGen      total 52736K, used 35166K [0x00000000e0c00000, 0x00000000e6380000, 0x0000000100000000)
  eden space 49152K, 64% used [0x00000000e0c00000,0x00000000e2adb948,0x00000000e3c00000)
  from space 3584K, 99% used [0x00000000e3c00000,0x00000000e3f7c060,0x00000000e3f80000)
  to   space 15872K, 0% used [0x00000000e5400000,0x00000000e5400000,0x00000000e6380000)
 ParOldGen       total 57344K, used 27116K [0x00000000a2400000, 0x00000000a5c00000, 0x00000000e0c00000)
  object space 57344K, 47% used [0x00000000a2400000,0x00000000a3e7b0a8,0x00000000a5c00000)
 Metaspace       used 27064K, capacity 28268K, committed 28416K, reserved 1073152K
  class space    used 3496K, capacity 3758K, committed 3840K, reserved 1048576K
GC Heap History (10 events):
Event: 1.078 GC heap before
{Heap before GC invocations=2 (full 0):
 PSYoungGen      total 28160K, used 28154K [0x00000000e0c00000, 0x00000000e2b00000, 0x0000000100000000)
  eden space 24576K, 100% used [0x00000000e0c00000,0x00000000e2400000,0x00000000e2400000)
  from space 3584K, 99% used [0x00000000e2400000,0x00000000e277e940,0x00000000e2780000)
  to   space 3584K, 0% used [0x00000000e2780000,0x00000000e2780000,0x00000000e2b00000)
 ParOldGen       total 64512K, used 1698K [0x00000000a2400000, 0x00000000a6300000, 0x00000000e0c00000)
  object space 64512K, 2% used [0x00000000a2400000,0x00000000a25a8ba0,0x00000000a6300000)
 Metaspace       used 19699K, capacity 20666K, committed 20992K, reserved 1067008K
  class space    used 2767K, capacity 2995K, committed 3072K, reserved 1048576K
Event: 1.085 GC heap after
Heap after GC invocations=2 (full 0):
 PSYoungGen      total 28160K, used 3578K [0x00000000e0c00000, 0x00000000e2b00000, 0x0000000100000000)
  eden space 24576K, 0% used [0x00000000e0c00000,0x00000000e0c00000,0x00000000e2400000)
  from space 3584K, 99% used [0x00000000e2780000,0x00000000e2afe940,0x00000000e2b00000)
  to   space 3584K, 0% used [0x00000000e2400000,0x00000000e2400000,0x00000000e2780000)
 ParOldGen       total 64512K, used 9565K [0x00000000a2400000, 0x00000000a6300000, 0x00000000e0c00000)
  object space 64512K, 14% used [0x00000000a2400000,0x00000000a2d576d0,0x00000000a6300000)
 Metaspace       used 19699K, capacity 20666K, committed 20992K, reserved 1067008K
  class space    used 2767K, capacity 2995K, committed 3072K, reserved 1048576K
}
Event: 1.157 GC heap before
{Heap before GC invocations=3 (full 0):
 PSYoungGen      total 28160K, used 6730K [0x00000000e0c00000, 0x00000000e2b00000, 0x0000000100000000)
  eden space 24576K, 12% used [0x00000000e0c00000,0x00000000e0f14220,0x00000000e2400000)
  from space 3584K, 99% used [0x00000000e2780000,0x00000000e2afe940,0x00000000e2b00000)
  to   space 3584K, 0% used [0x00000000e2400000,0x00000000e2400000,0x00000000e2780000)
 ParOldGen       total 64512K, used 9565K [0x00000000a2400000, 0x00000000a6300000, 0x00000000e0c00000)
  object space 64512K, 14% used [0x00000000a2400000,0x00000000a2d576d0,0x00000000a6300000)
 Metaspace       used 20215K, capacity 21178K, committed 21248K, reserved 1067008K
  class space    used 2844K, capacity 3043K, committed 3072K, reserved 1048576K
Event: 1.159 GC heap after
Heap after GC invocations=3 (full 0):
 PSYoungGen      total 28160K, used 3562K [0x00000000e0c00000, 0x00000000e4300000, 0x0000000100000000)
  eden space 24576K, 0% used [0x00000000e0c00000,0x00000000e0c00000,0x00000000e2400000)
  from space 3584K, 99% used [0x00000000e2400000,0x00000000e277a920,0x00000000e2780000)
  to   space 3584K, 0% used [0x00000000e3f80000,0x00000000e3f80000,0x00000000e4300000)
 ParOldGen       total 64512K, used 10450K [0x00000000a2400000, 0x00000000a6300000, 0x00000000e0c00000)
  object space 64512K, 16% used [0x00000000a2400000,0x00000000a2e34bf0,0x00000000a6300000)
 Metaspace       used 20215K, capacity 21178K, committed 21248K, reserved 1067008K
  class space    used 2844K, capacity 3043K, committed 3072K, reserved 1048576K
}
Event: 1.159 GC heap before
{Heap before GC invocations=4 (full 1):
 PSYoungGen      total 28160K, used 3562K [0x00000000e0c00000, 0x00000000e4300000, 0x0000000100000000)
  eden space 24576K, 0% used [0x00000000e0c00000,0x00000000e0c00000,0x00000000e2400000)
  from space 3584K, 99% used [0x00000000e2400000,0x00000000e277a920,0x00000000e2780000)
  to   space 3584K, 0% used [0x00000000e3f80000,0x00000000e3f80000,0x00000000e4300000)
 ParOldGen       total 64512K, used 10450K [0x00000000a2400000, 0x00000000a6300000, 0x00000000e0c00000)
  object space 64512K, 16% used [0x00000000a2400000,0x00000000a2e34bf0,0x00000000a6300000)
 Metaspace       used 20215K, capacity 21178K, committed 21248K, reserved 1067008K
  class space    used 2844K, capacity 3043K, committed 3072K, reserved 1048576K
Event: 1.175 GC heap after
Heap after GC invocations=4 (full 1):
 PSYoungGen      total 28160K, used 0K [0x00000000e0c00000, 0x00000000e4300000, 0x0000000100000000)
  eden space 24576K, 0% used [0x00000000e0c00000,0x00000000e0c00000,0x00000000e2400000)
  from space 3584K, 0% used [0x00000000e2400000,0x00000000e2400000,0x00000000e2780000)
  to   space 3584K, 0% used [0x00000000e3f80000,0x00000000e3f80000,0x00000000e4300000)
 ParOldGen       total 57344K, used 12419K [0x00000000a2400000, 0x00000000a5c00000, 0x00000000e0c00000)
  object space 57344K, 21% used [0x00000000a2400000,0x00000000a3020cb0,0x00000000a5c00000)
 Metaspace       used 20215K, capacity 21178K, committed 21248K, reserved 1067008K
  class space    used 2844K, capacity 3043K, committed 3072K, reserved 1048576K
}
Event: 4.925 GC heap before
{Heap before GC invocations=5 (full 1):
 PSYoungGen      total 28160K, used 24174K [0x00000000e0c00000, 0x00000000e4300000, 0x0000000100000000)
  eden space 24576K, 98% used [0x00000000e0c00000,0x00000000e239bbc0,0x00000000e2400000)
  from space 3584K, 0% used [0x00000000e2400000,0x00000000e2400000,0x00000000e2780000)
  to   space 3584K, 0% used [0x00000000e3f80000,0x00000000e3f80000,0x00000000e4300000)
 ParOldGen       total 57344K, used 12419K [0x00000000a2400000, 0x00000000a5c00000, 0x00000000e0c00000)
  object space 57344K, 21% used [0x00000000a2400000,0x00000000a3020cb0,0x00000000a5c00000)
 Metaspace       used 22702K, capacity 23894K, committed 24192K, reserved 1071104K
  class space    used 3116K, capacity 3369K, committed 3456K, reserved 1048576K
Event: 4.929 GC heap after
Heap after GC invocations=5 (full 1):
 PSYoungGen      total 40960K, used 3552K [0x00000000e0c00000, 0x00000000e4300000, 0x0000000100000000)
  eden space 37376K, 0% used [0x00000000e0c00000,0x00000000e0c00000,0x00000000e3080000)
  from space 3584K, 99% used [0x00000000e3f80000,0x00000000e42f8010,0x00000000e4300000)
  to   space 3584K, 0% used [0x00000000e3c00000,0x00000000e3c00000,0x00000000e3f80000)
 ParOldGen       total 57344K, used 17455K [0x00000000a2400000, 0x00000000a5c00000, 0x00000000e0c00000)
  object space 57344K, 30% used [0x00000000a2400000,0x00000000a350be00,0x00000000a5c00000)
 Metaspace       used 22702K, capacity 23894K, committed 24192K, reserved 1071104K
  class space    used 3116K, capacity 3369K, committed 3456K, reserved 1048576K
}
Event: 5.183 GC heap before
{Heap before GC invocations=6 (full 1):
 PSYoungGen      total 40960K, used 40928K [0x00000000e0c00000, 0x00000000e4300000, 0x0000000100000000)
  eden space 37376K, 100% used [0x00000000e0c00000,0x00000000e3080000,0x00000000e3080000)
  from space 3584K, 99% used [0x00000000e3f80000,0x00000000e42f8010,0x00000000e4300000)
  to   space 3584K, 0% used [0x00000000e3c00000,0x00000000e3c00000,0x00000000e3f80000)
 ParOldGen       total 57344K, used 17455K [0x00000000a2400000, 0x00000000a5c00000, 0x00000000e0c00000)
  object space 57344K, 30% used [0x00000000a2400000,0x00000000a350be00,0x00000000a5c00000)
 Metaspace       used 26045K, capacity 27284K, committed 27520K, reserved 1073152K
  class space    used 3447K, capacity 3700K, committed 3712K, reserved 1048576K
Event: 5.189 GC heap after
Heap after GC invocations=6 (full 1):
 PSYoungGen      total 52736K, used 3568K [0x00000000e0c00000, 0x00000000e6380000, 0x0000000100000000)
  eden space 49152K, 0% used [0x00000000e0c00000,0x00000000e0c00000,0x00000000e3c00000)
  from space 3584K, 99% used [0x00000000e3c00000,0x00000000e3f7c060,0x00000000e3f80000)
  to   space 15872K, 0% used [0x00000000e5400000,0x00000000e5400000,0x00000000e6380000)
 ParOldGen       total 57344K, used 27116K [0x00000000a2400000, 0x00000000a5c00000, 0x00000000e0c00000)
  object space 57344K, 47% used [0x00000000a2400000,0x00000000a3e7b0a8,0x00000000a5c00000)
 Metaspace       used 26045K, capacity 27284K, committed 27520K, reserved 1073152K
  class space    used 3447K, capacity 3700K, committed 3712K, reserved 1048576K
}

