# JRE version: Java(TM) SE Runtime Environment (8.0_301-b09) (build 1.8.0_301-b09)
# Java VM: Java HotSpot(TM) 64-Bit Server VM (25.301-b09 mixed mode windows-amd64 compressed oops)
Heap:
 PSYoungGen      total 70144K, used 21888K [0x00000000e0c00000, 0x00000000e7100000, 0x0000000100000000)
  eden space 54272K, 19% used [0x00000000e0c00000,0x00000000e16658b0,0x00000000e4100000)
  from space 15872K, 70% used [0x00000000e5100000,0x00000000e5bfa980,0x00000000e6080000)
  to   space 16384K, 0% used [0x00000000e4100000,0x00000000e4100000,0x00000000e5100000)
 ParOldGen       total 57344K, used 27045K [0x00000000a2400000, 0x00000000a5c00000, 0x00000000e0c00000)
  object space 57344K, 47% used [0x00000000a2400000,0x00000000a3e696c0,0x00000000a5c00000)
 Metaspace       used 27883K, capacity 29156K, committed 29184K, reserved 1075200K
  class space    used 3537K, capacity 3832K, committed 3840K, reserved 1048576K
GC Heap History (10 events):
Event: 1.155 GC heap before
{Heap before GC invocations=3 (full 0):
 PSYoungGen      total 28160K, used 6293K [0x00000000e0c00000, 0x00000000e2b00000, 0x0000000100000000)
  eden space 24576K, 11% used [0x00000000e0c00000,0x00000000e0ea6580,0x00000000e2400000)
  from space 3584K, 99% used [0x00000000e2780000,0x00000000e2afefe8,0x00000000e2b00000)
  to   space 3584K, 0% used [0x00000000e2400000,0x00000000e2400000,0x00000000e2780000)
 ParOldGen       total 64512K, used 9564K [0x00000000a2400000, 0x00000000a6300000, 0x00000000e0c00000)
  object space 64512K, 14% used [0x00000000a2400000,0x00000000a2d57390,0x00000000a6300000)
 Metaspace       used 20218K, capacity 21178K, committed 21248K, reserved 1067008K
  class space    used 2843K, capacity 3043K, committed 3072K, reserved 1048576K
Event: 1.158 GC heap after
Heap after GC invocations=3 (full 0):
 PSYoungGen      total 28160K, used 3579K [0x00000000e0c00000, 0x00000000e4300000, 0x0000000100000000)
  eden space 24576K, 0% used [0x00000000e0c00000,0x00000000e0c00000,0x00000000e2400000)
  from space 3584K, 99% used [0x00000000e2400000,0x00000000e277efe8,0x00000000e2780000)
  to   space 3584K, 0% used [0x00000000e3f80000,0x00000000e3f80000,0x00000000e4300000)
 ParOldGen       total 64512K, used 10293K [0x00000000a2400000, 0x00000000a6300000, 0x00000000e0c00000)
  object space 64512K, 15% used [0x00000000a2400000,0x00000000a2e0d630,0x00000000a6300000)
 Metaspace       used 20218K, capacity 21178K, committed 21248K, reserved 1067008K
  class space    used 2843K, capacity 3043K, committed 3072K, reserved 1048576K
}
Event: 1.158 GC heap before
{Heap before GC invocations=4 (full 1):
 PSYoungGen      total 28160K, used 3579K [0x00000000e0c00000, 0x00000000e4300000, 0x0000000100000000)
  eden space 24576K, 0% used [0x00000000e0c00000,0x00000000e0c00000,0x00000000e2400000)
  from space 3584K, 99% used [0x00000000e2400000,0x00000000e277efe8,0x00000000e2780000)
  to   space 3584K, 0% used [0x00000000e3f80000,0x00000000e3f80000,0x00000000e4300000)
 ParOldGen       total 64512K, used 10293K [0x00000000a2400000, 0x00000000a6300000, 0x00000000e0c00000)
  object space 64512K, 15% used [0x00000000a2400000,0x00000000a2e0d630,0x00000000a6300000)
 Metaspace       used 20218K, capacity 21178K, committed 21248K, reserved 1067008K
  class space    used 2843K, capacity 3043K, committed 3072K, reserved 1048576K
Event: 1.174 GC heap after
Heap after GC invocations=4 (full 1):
 PSYoungGen      total 28160K, used 0K [0x00000000e0c00000, 0x00000000e4300000, 0x0000000100000000)
  eden space 24576K, 0% used [0x00000000e0c00000,0x00000000e0c00000,0x00000000e2400000)
  from space 3584K, 0% used [0x00000000e2400000,0x00000000e2400000,0x00000000e2780000)
  to   space 3584K, 0% used [0x00000000e3f80000,0x00000000e3f80000,0x00000000e4300000)
 ParOldGen       total 57344K, used 12279K [0x00000000a2400000, 0x00000000a5c00000, 0x00000000e0c00000)
  object space 57344K, 21% used [0x00000000a2400000,0x00000000a2ffdd90,0x00000000a5c00000)
 Metaspace       used 20218K, capacity 21178K, committed 21248K, reserved 1067008K
  class space    used 2843K, capacity 3043K, committed 3072K, reserved 1048576K
}
Event: 6.512 GC heap before
{Heap before GC invocations=5 (full 1):
 PSYoungGen      total 28160K, used 24091K [0x00000000e0c00000, 0x00000000e4300000, 0x0000000100000000)
  eden space 24576K, 98% used [0x00000000e0c00000,0x00000000e2386ee0,0x00000000e2400000)
  from space 3584K, 0% used [0x00000000e2400000,0x00000000e2400000,0x00000000e2780000)
  to   space 3584K, 0% used [0x00000000e3f80000,0x00000000e3f80000,0x00000000e4300000)
 ParOldGen       total 57344K, used 12279K [0x00000000a2400000, 0x00000000a5c00000, 0x00000000e0c00000)
  object space 57344K, 21% used [0x00000000a2400000,0x00000000a2ffdd90,0x00000000a5c00000)
 Metaspace       used 22706K, capacity 23894K, committed 24192K, reserved 1071104K
  class space    used 3115K, capacity 3369K, committed 3456K, reserved 1048576K
Event: 6.516 GC heap after
Heap after GC invocations=5 (full 1):
 PSYoungGen      total 39936K, used 3552K [0x00000000e0c00000, 0x00000000e4300000, 0x0000000100000000)
  eden space 36352K, 0% used [0x00000000e0c00000,0x00000000e0c00000,0x00000000e2f80000)
  from space 3584K, 99% used [0x00000000e3f80000,0x00000000e42f8010,0x00000000e4300000)
  to   space 3584K, 0% used [0x00000000e3c00000,0x00000000e3c00000,0x00000000e3f80000)
 ParOldGen       total 57344K, used 17435K [0x00000000a2400000, 0x00000000a5c00000, 0x00000000e0c00000)
  object space 57344K, 30% used [0x00000000a2400000,0x00000000a3506ed0,0x00000000a5c00000)
 Metaspace       used 22706K, capacity 23894K, committed 24192K, reserved 1071104K
  class space    used 3115K, capacity 3369K, committed 3456K, reserved 1048576K
}
Event: 6.767 GC heap before
{Heap before GC invocations=6 (full 1):
 PSYoungGen      total 39936K, used 39904K [0x00000000e0c00000, 0x00000000e4300000, 0x0000000100000000)
  eden space 36352K, 100% used [0x00000000e0c00000,0x00000000e2f80000,0x00000000e2f80000)
  from space 3584K, 99% used [0x00000000e3f80000,0x00000000e42f8010,0x00000000e4300000)
  to   space 3584K, 0% used [0x00000000e3c00000,0x00000000e3c00000,0x00000000e3f80000)
 ParOldGen       total 57344K, used 17435K [0x00000000a2400000, 0x00000000a5c00000, 0x00000000e0c00000)
  object space 57344K, 30% used [0x00000000a2400000,0x00000000a3506ed0,0x00000000a5c00000)
 Metaspace       used 26030K, capacity 27220K, committed 27520K, reserved 1073152K
  class space    used 3445K, capacity 3700K, committed 3712K, reserved 1048576K
Event: 6.772 GC heap after
Heap after GC invocations=6 (full 1):
 PSYoungGen      total 52736K, used 3552K [0x00000000e0c00000, 0x00000000e6080000, 0x0000000100000000)
  eden space 49152K, 0% used [0x00000000e0c00000,0x00000000e0c00000,0x00000000e3c00000)
  from space 3584K, 99% used [0x00000000e3c00000,0x00000000e3f78010,0x00000000e3f80000)
  to   space 15872K, 0% used [0x00000000e5100000,0x00000000e5100000,0x00000000e6080000)
 ParOldGen       total 57344K, used 27037K [0x00000000a2400000, 0x00000000a5c00000, 0x00000000e0c00000)
  object space 57344K, 47% used [0x00000000a2400000,0x00000000a3e676c0,0x00000000a5c00000)
 Metaspace       used 26030K, capacity 27220K, committed 27520K, reserved 1073152K
  class space    used 3445K, capacity 3700K, committed 3712K, reserved 1048576K
}
Event: 48.772 GC heap before
{Heap before GC invocations=7 (full 1):
 PSYoungGen      total 52736K, used 52704K [0x00000000e0c00000, 0x00000000e6080000, 0x0000000100000000)
  eden space 49152K, 100% used [0x00000000e0c00000,0x00000000e3c00000,0x00000000e3c00000)
  from space 3584K, 99% used [0x00000000e3c00000,0x00000000e3f78010,0x00000000e3f80000)
  to   space 15872K, 0% used [0x00000000e5100000,0x00000000e5100000,0x00000000e6080000)
 ParOldGen       total 57344K, used 27037K [0x00000000a2400000, 0x00000000a5c00000, 0x00000000e0c00000)
  object space 57344K, 47% used [0x00000000a2400000,0x00000000a3e676c0,0x00000000a5c00000)
 Metaspace       used 27735K, capacity 29024K, committed 29184K, reserved 1075200K
  class space    used 3537K, capacity 3832K, committed 3840K, reserved 1048576K
Event: 48.778 GC heap after
Heap after GC invocations=7 (full 1):
 PSYoungGen      total 70144K, used 11242K [0x00000000e0c00000, 0x00000000e7100000, 0x0000000100000000)
  eden space 54272K, 0% used [0x00000000e0c00000,0x00000000e0c00000,0x00000000e4100000)
  from space 15872K, 70% used [0x00000000e5100000,0x00000000e5bfa980,0x00000000e6080000)
  to   space 16384K, 0% used [0x00000000e4100000,0x00000000e4100000,0x00000000e5100000)
 ParOldGen       total 57344K, used 27045K [0x00000000a2400000, 0x00000000a5c00000, 0x00000000e0c00000)
  object space 57344K, 47% used [0x00000000a2400000,0x00000000a3e696c0,0x00000000a5c00000)
 Metaspace       used 27735K, capacity 29024K, committed 29184K, reserved 1075200K
  class space    used 3537K, capacity 3832K, committed 3840K, reserved 1048576K
}

