# JRE version: Java(TM) SE Runtime Environment (8.0_301-b09) (build 1.8.0_301-b09)
# Java VM: Java HotSpot(TM) 64-Bit Server VM (25.301-b09 mixed mode windows-amd64 compressed oops)
Heap:
 PSYoungGen      total 59904K, used 27334K [0x00000000e0c00000, 0x00000000e6300000, 0x0000000100000000)
  eden space 44032K, 37% used [0x00000000e0c00000,0x00000000e1bf1af8,0x00000000e3700000)
  from space 15872K, 69% used [0x00000000e4680000,0x00000000e5140020,0x00000000e5600000)
  to   space 15872K, 0% used [0x00000000e3700000,0x00000000e3700000,0x00000000e4680000)
 ParOldGen       total 63488K, used 28358K [0x00000000a2400000, 0x00000000a6200000, 0x00000000e0c00000)
  object space 63488K, 44% used [0x00000000a2400000,0x00000000a3fb1870,0x00000000a6200000)
 Metaspace       used 27404K, capacity 28678K, committed 28976K, reserved 1075200K
  class space    used 3505K, capacity 3767K, committed 3888K, reserved 1048576K
GC Heap History (10 events):
Event: 1.521 GC heap before
{Heap before GC invocations=3 (full 0):
 PSYoungGen      total 28160K, used 6277K [0x00000000e0c00000, 0x00000000e2b00000, 0x0000000100000000)
  eden space 24576K, 11% used [0x00000000e0c00000,0x00000000e0ea5b88,0x00000000e2400000)
  from space 3584K, 99% used [0x00000000e2780000,0x00000000e2afbb40,0x00000000e2b00000)
  to   space 3584K, 0% used [0x00000000e2400000,0x00000000e2400000,0x00000000e2780000)
 ParOldGen       total 64512K, used 9577K [0x00000000a2400000, 0x00000000a6300000, 0x00000000e0c00000)
  object space 64512K, 14% used [0x00000000a2400000,0x00000000a2d5a408,0x00000000a6300000)
 Metaspace       used 20226K, capacity 21206K, committed 21296K, reserved 1067008K
  class space    used 2851K, capacity 3075K, committed 3120K, reserved 1048576K
Event: 1.524 GC heap after
Heap after GC invocations=3 (full 0):
 PSYoungGen      total 28160K, used 3579K [0x00000000e0c00000, 0x00000000e4300000, 0x0000000100000000)
  eden space 24576K, 0% used [0x00000000e0c00000,0x00000000e0c00000,0x00000000e2400000)
  from space 3584K, 99% used [0x00000000e2400000,0x00000000e277efd8,0x00000000e2780000)
  to   space 3584K, 0% used [0x00000000e3f80000,0x00000000e3f80000,0x00000000e4300000)
 ParOldGen       total 64512K, used 10401K [0x00000000a2400000, 0x00000000a6300000, 0x00000000e0c00000)
  object space 64512K, 16% used [0x00000000a2400000,0x00000000a2e28470,0x00000000a6300000)
 Metaspace       used 20226K, capacity 21206K, committed 21296K, reserved 1067008K
  class space    used 2851K, capacity 3075K, committed 3120K, reserved 1048576K
}
Event: 1.524 GC heap before
{Heap before GC invocations=4 (full 1):
 PSYoungGen      total 28160K, used 3579K [0x00000000e0c00000, 0x00000000e4300000, 0x0000000100000000)
  eden space 24576K, 0% used [0x00000000e0c00000,0x00000000e0c00000,0x00000000e2400000)
  from space 3584K, 99% used [0x00000000e2400000,0x00000000e277efd8,0x00000000e2780000)
  to   space 3584K, 0% used [0x00000000e3f80000,0x00000000e3f80000,0x00000000e4300000)
 ParOldGen       total 64512K, used 10401K [0x00000000a2400000, 0x00000000a6300000, 0x00000000e0c00000)
  object space 64512K, 16% used [0x00000000a2400000,0x00000000a2e28470,0x00000000a6300000)
 Metaspace       used 20226K, capacity 21206K, committed 21296K, reserved 1067008K
  class space    used 2851K, capacity 3075K, committed 3120K, reserved 1048576K
Event: 1.565 GC heap after
Heap after GC invocations=4 (full 1):
 PSYoungGen      total 28160K, used 0K [0x00000000e0c00000, 0x00000000e4300000, 0x0000000100000000)
  eden space 24576K, 0% used [0x00000000e0c00000,0x00000000e0c00000,0x00000000e2400000)
  from space 3584K, 0% used [0x00000000e2400000,0x00000000e2400000,0x00000000e2780000)
  to   space 3584K, 0% used [0x00000000e3f80000,0x00000000e3f80000,0x00000000e4300000)
 ParOldGen       total 63488K, used 13579K [0x00000000a2400000, 0x00000000a6200000, 0x00000000e0c00000)
  object space 63488K, 21% used [0x00000000a2400000,0x00000000a3142e58,0x00000000a6200000)
 Metaspace       used 20226K, capacity 21206K, committed 21296K, reserved 1067008K
  class space    used 2851K, capacity 3075K, committed 3120K, reserved 1048576K
}
Event: 6.956 GC heap before
{Heap before GC invocations=5 (full 1):
 PSYoungGen      total 28160K, used 24107K [0x00000000e0c00000, 0x00000000e4300000, 0x0000000100000000)
  eden space 24576K, 98% used [0x00000000e0c00000,0x00000000e238ad80,0x00000000e2400000)
  from space 3584K, 0% used [0x00000000e2400000,0x00000000e2400000,0x00000000e2780000)
  to   space 3584K, 0% used [0x00000000e3f80000,0x00000000e3f80000,0x00000000e4300000)
 ParOldGen       total 63488K, used 13579K [0x00000000a2400000, 0x00000000a6200000, 0x00000000e0c00000)
  object space 63488K, 21% used [0x00000000a2400000,0x00000000a3142e58,0x00000000a6200000)
 Metaspace       used 22759K, capacity 23954K, committed 24112K, reserved 1071104K
  class space    used 3122K, capacity 3369K, committed 3376K, reserved 1048576K
Event: 6.960 GC heap after
Heap after GC invocations=5 (full 1):
 PSYoungGen      total 35840K, used 3552K [0x00000000e0c00000, 0x00000000e4300000, 0x0000000100000000)
  eden space 32256K, 0% used [0x00000000e0c00000,0x00000000e0c00000,0x00000000e2b80000)
  from space 3584K, 99% used [0x00000000e3f80000,0x00000000e42f8010,0x00000000e4300000)
  to   space 3584K, 0% used [0x00000000e3c00000,0x00000000e3c00000,0x00000000e3f80000)
 ParOldGen       total 63488K, used 18742K [0x00000000a2400000, 0x00000000a6200000, 0x00000000e0c00000)
  object space 63488K, 29% used [0x00000000a2400000,0x00000000a364d9e8,0x00000000a6200000)
 Metaspace       used 22759K, capacity 23954K, committed 24112K, reserved 1071104K
  class space    used 3122K, capacity 3369K, committed 3376K, reserved 1048576K
}
Event: 7.203 GC heap before
{Heap before GC invocations=6 (full 1):
 PSYoungGen      total 35840K, used 35808K [0x00000000e0c00000, 0x00000000e4300000, 0x0000000100000000)
  eden space 32256K, 100% used [0x00000000e0c00000,0x00000000e2b80000,0x00000000e2b80000)
  from space 3584K, 99% used [0x00000000e3f80000,0x00000000e42f8010,0x00000000e4300000)
  to   space 3584K, 0% used [0x00000000e3c00000,0x00000000e3c00000,0x00000000e3f80000)
 ParOldGen       total 63488K, used 18742K [0x00000000a2400000, 0x00000000a6200000, 0x00000000e0c00000)
  object space 63488K, 29% used [0x00000000a2400000,0x00000000a364d9e8,0x00000000a6200000)
 Metaspace       used 26010K, capacity 27214K, committed 27568K, reserved 1073152K
  class space    used 3450K, capacity 3699K, committed 3760K, reserved 1048576K
Event: 7.209 GC heap after
Heap after GC invocations=6 (full 1):
 PSYoungGen      total 47616K, used 3552K [0x00000000e0c00000, 0x00000000e5600000, 0x0000000100000000)
  eden space 44032K, 0% used [0x00000000e0c00000,0x00000000e0c00000,0x00000000e3700000)
  from space 3584K, 99% used [0x00000000e3c00000,0x00000000e3f78010,0x00000000e3f80000)
  to   space 15872K, 0% used [0x00000000e4680000,0x00000000e4680000,0x00000000e5600000)
 ParOldGen       total 63488K, used 28350K [0x00000000a2400000, 0x00000000a6200000, 0x00000000e0c00000)
  object space 63488K, 44% used [0x00000000a2400000,0x00000000a3faf870,0x00000000a6200000)
 Metaspace       used 26010K, capacity 27214K, committed 27568K, reserved 1073152K
  class space    used 3450K, capacity 3699K, committed 3760K, reserved 1048576K
}
Event: 12.891 GC heap before
{Heap before GC invocations=7 (full 1):
 PSYoungGen      total 47616K, used 47584K [0x00000000e0c00000, 0x00000000e5600000, 0x0000000100000000)
  eden space 44032K, 100% used [0x00000000e0c00000,0x00000000e3700000,0x00000000e3700000)
  from space 3584K, 99% used [0x00000000e3c00000,0x00000000e3f78010,0x00000000e3f80000)
  to   space 15872K, 0% used [0x00000000e4680000,0x00000000e4680000,0x00000000e5600000)
 ParOldGen       total 63488K, used 28350K [0x00000000a2400000, 0x00000000a6200000, 0x00000000e0c00000)
  object space 63488K, 44% used [0x00000000a2400000,0x00000000a3faf870,0x00000000a6200000)
 Metaspace       used 27055K, capacity 28354K, committed 28720K, reserved 1075200K
  class space    used 3501K, capacity 3767K, committed 3888K, reserved 1048576K
Event: 12.899 GC heap after
Heap after GC invocations=7 (full 1):
 PSYoungGen      total 59904K, used 11008K [0x00000000e0c00000, 0x00000000e6300000, 0x0000000100000000)
  eden space 44032K, 0% used [0x00000000e0c00000,0x00000000e0c00000,0x00000000e3700000)
  from space 15872K, 69% used [0x00000000e4680000,0x00000000e5140020,0x00000000e5600000)
  to   space 15872K, 0% used [0x00000000e3700000,0x00000000e3700000,0x00000000e4680000)
 ParOldGen       total 63488K, used 28358K [0x00000000a2400000, 0x00000000a6200000, 0x00000000e0c00000)
  object space 63488K, 44% used [0x00000000a2400000,0x00000000a3fb1870,0x00000000a6200000)
 Metaspace       used 27055K, capacity 28354K, committed 28720K, reserved 1075200K
  class space    used 3501K, capacity 3767K, committed 3888K, reserved 1048576K
}

