# JRE version: Java(TM) SE Runtime Environment (8.0_301-b09) (build 1.8.0_301-b09)
# Java VM: Java HotSpot(TM) 64-Bit Server VM (25.301-b09 mixed mode windows-amd64 compressed oops)
Heap:
 PSYoungGen      total 28160K, used 7188K [0x00000000e0c00000, 0x00000000e2b00000, 0x0000000100000000)
  eden space 24576K, 14% used [0x00000000e0c00000,0x00000000e0f85a88,0x00000000e2400000)
  from space 3584K, 99% used [0x00000000e2780000,0x00000000e2aff6d0,0x00000000e2b00000)
  to   space 3584K, 0% used [0x00000000e2400000,0x00000000e2400000,0x00000000e2780000)
 ParOldGen       total 47104K, used 7305K [0x00000000a2400000, 0x00000000a5200000, 0x00000000e0c00000)
  object space 47104K, 15% used [0x00000000a2400000,0x00000000a2b22750,0x00000000a5200000)
 Metaspace       used 16172K, capacity 16706K, committed 16896K, reserved 1071104K
  class space    used 2100K, capacity 2265K, committed 2304K, reserved 1048576K
GC Heap History (6 events):
Event: 0.534 GC heap before
{Heap before GC invocations=1 (full 0):
 PSYoungGen      total 28160K, used 10995K [0x00000000e0c00000, 0x00000000e2b00000, 0x0000000100000000)
  eden space 24576K, 44% used [0x00000000e0c00000,0x00000000e16bcd50,0x00000000e2400000)
  from space 3584K, 0% used [0x00000000e2780000,0x00000000e2780000,0x00000000e2b00000)
  to   space 3584K, 0% used [0x00000000e2400000,0x00000000e2400000,0x00000000e2780000)
 ParOldGen       total 64512K, used 0K [0x00000000a2400000, 0x00000000a6300000, 0x00000000e0c00000)
  object space 64512K, 0% used [0x00000000a2400000,0x00000000a2400000,0x00000000a6300000)
 Metaspace       used 7549K, capacity 7904K, committed 8064K, reserved 1062912K
  class space    used 911K, capacity 1033K, committed 1152K, reserved 1048576K
Event: 0.535 GC heap after
Heap after GC invocations=1 (full 0):
 PSYoungGen      total 28160K, used 1366K [0x00000000e0c00000, 0x00000000e2b00000, 0x0000000100000000)
  eden space 24576K, 0% used [0x00000000e0c00000,0x00000000e0c00000,0x00000000e2400000)
  from space 3584K, 38% used [0x00000000e2400000,0x00000000e2555ac0,0x00000000e2780000)
  to   space 3584K, 0% used [0x00000000e2780000,0x00000000e2780000,0x00000000e2b00000)
 ParOldGen       total 64512K, used 8K [0x00000000a2400000, 0x00000000a6300000, 0x00000000e0c00000)
  object space 64512K, 0% used [0x00000000a2400000,0x00000000a2402000,0x00000000a6300000)
 Metaspace       used 7549K, capacity 7904K, committed 8064K, reserved 1062912K
  class space    used 911K, capacity 1033K, committed 1152K, reserved 1048576K
}
Event: 0.535 GC heap before
{Heap before GC invocations=2 (full 1):
 PSYoungGen      total 28160K, used 1366K [0x00000000e0c00000, 0x00000000e2b00000, 0x0000000100000000)
  eden space 24576K, 0% used [0x00000000e0c00000,0x00000000e0c00000,0x00000000e2400000)
  from space 3584K, 38% used [0x00000000e2400000,0x00000000e2555ac0,0x00000000e2780000)
  to   space 3584K, 0% used [0x00000000e2780000,0x00000000e2780000,0x00000000e2b00000)
 ParOldGen       total 64512K, used 8K [0x00000000a2400000, 0x00000000a6300000, 0x00000000e0c00000)
  object space 64512K, 0% used [0x00000000a2400000,0x00000000a2402000,0x00000000a6300000)
 Metaspace       used 7549K, capacity 7904K, committed 8064K, reserved 1062912K
  class space    used 911K, capacity 1033K, committed 1152K, reserved 1048576K
Event: 0.541 GC heap after
Heap after GC invocations=2 (full 1):
 PSYoungGen      total 28160K, used 0K [0x00000000e0c00000, 0x00000000e2b00000, 0x0000000100000000)
  eden space 24576K, 0% used [0x00000000e0c00000,0x00000000e0c00000,0x00000000e2400000)
  from space 3584K, 0% used [0x00000000e2400000,0x00000000e2400000,0x00000000e2780000)
  to   space 3584K, 0% used [0x00000000e2780000,0x00000000e2780000,0x00000000e2b00000)
 ParOldGen       total 47104K, used 1206K [0x00000000a2400000, 0x00000000a5200000, 0x00000000e0c00000)
  object space 47104K, 2% used [0x00000000a2400000,0x00000000a252d868,0x00000000a5200000)
 Metaspace       used 7549K, capacity 7904K, committed 8064K, reserved 1060864K
  class space    used 911K, capacity 1033K, committed 1152K, reserved 1048576K
}
Event: 1.040 GC heap before
{Heap before GC invocations=3 (full 1):
 PSYoungGen      total 28160K, used 24576K [0x00000000e0c00000, 0x00000000e2b00000, 0x0000000100000000)
  eden space 24576K, 100% used [0x00000000e0c00000,0x00000000e2400000,0x00000000e2400000)
  from space 3584K, 0% used [0x00000000e2400000,0x00000000e2400000,0x00000000e2780000)
  to   space 3584K, 0% used [0x00000000e2780000,0x00000000e2780000,0x00000000e2b00000)
 ParOldGen       total 47104K, used 1206K [0x00000000a2400000, 0x00000000a5200000, 0x00000000e0c00000)
  object space 47104K, 2% used [0x00000000a2400000,0x00000000a252d868,0x00000000a5200000)
 Metaspace       used 14972K, capacity 15534K, committed 15744K, reserved 1067008K
  class space    used 1910K, capacity 2065K, committed 2176K, reserved 1048576K
Event: 1.045 GC heap after
Heap after GC invocations=3 (full 1):
 PSYoungGen      total 28160K, used 3581K [0x00000000e0c00000, 0x00000000e2b00000, 0x0000000100000000)
  eden space 24576K, 0% used [0x00000000e0c00000,0x00000000e0c00000,0x00000000e2400000)
  from space 3584K, 99% used [0x00000000e2780000,0x00000000e2aff6d0,0x00000000e2b00000)
  to   space 3584K, 0% used [0x00000000e2400000,0x00000000e2400000,0x00000000e2780000)
 ParOldGen       total 47104K, used 7305K [0x00000000a2400000, 0x00000000a5200000, 0x00000000e0c00000)
  object space 47104K, 15% used [0x00000000a2400000,0x00000000a2b22750,0x00000000a5200000)
 Metaspace       used 14972K, capacity 15534K, committed 15744K, reserved 1067008K
  class space    used 1910K, capacity 2065K, committed 2176K, reserved 1048576K
}

