# JRE version: Java(TM) SE Runtime Environment (8.0_301-b09) (build 1.8.0_301-b09)
# Java VM: Java HotSpot(TM) 64-Bit Server VM (25.301-b09 mixed mode windows-amd64 compressed oops)
Heap:
 PSYoungGen      total 60928K, used 52955K [0x00000000e0c00000, 0x00000000e6400000, 0x0000000100000000)
  eden space 44544K, 94% used [0x00000000e0c00000,0x00000000e34e4378,0x00000000e3780000)
  from space 16384K, 67% used [0x00000000e4780000,0x00000000e5252980,0x00000000e5780000)
  to   space 16384K, 0% used [0x00000000e3780000,0x00000000e3780000,0x00000000e4780000)
 ParOldGen       total 62464K, used 28184K [0x00000000a2400000, 0x00000000a6100000, 0x00000000e0c00000)
  object space 62464K, 45% used [0x00000000a2400000,0x00000000a3f861f0,0x00000000a6100000)
 Metaspace       used 27726K, capacity 29004K, committed 29184K, reserved 1075200K
  class space    used 3540K, capacity 3826K, committed 3840K, reserved 1048576K
GC Heap History (10 events):
Event: 1.303 GC heap before
{Heap before GC invocations=3 (full 0):
 PSYoungGen      total 28160K, used 6311K [0x00000000e0c00000, 0x00000000e2b00000, 0x0000000100000000)
  eden space 24576K, 11% used [0x00000000e0c00000,0x00000000e0eab210,0x00000000e2400000)
  from space 3584K, 99% used [0x00000000e2780000,0x00000000e2afeb98,0x00000000e2b00000)
  to   space 3584K, 0% used [0x00000000e2400000,0x00000000e2400000,0x00000000e2780000)
 ParOldGen       total 64512K, used 9532K [0x00000000a2400000, 0x00000000a6300000, 0x00000000e0c00000)
  object space 64512K, 14% used [0x00000000a2400000,0x00000000a2d4f2d0,0x00000000a6300000)
 Metaspace       used 20207K, capacity 21186K, committed 21248K, reserved 1067008K
  class space    used 2843K, capacity 3043K, committed 3072K, reserved 1048576K
Event: 1.306 GC heap after
Heap after GC invocations=3 (full 0):
 PSYoungGen      total 28160K, used 3362K [0x00000000e0c00000, 0x00000000e4300000, 0x0000000100000000)
  eden space 24576K, 0% used [0x00000000e0c00000,0x00000000e0c00000,0x00000000e2400000)
  from space 3584K, 93% used [0x00000000e2400000,0x00000000e2748ad0,0x00000000e2780000)
  to   space 3584K, 0% used [0x00000000e3f80000,0x00000000e3f80000,0x00000000e4300000)
 ParOldGen       total 64512K, used 10623K [0x00000000a2400000, 0x00000000a6300000, 0x00000000e0c00000)
  object space 64512K, 16% used [0x00000000a2400000,0x00000000a2e5fe28,0x00000000a6300000)
 Metaspace       used 20207K, capacity 21186K, committed 21248K, reserved 1067008K
  class space    used 2843K, capacity 3043K, committed 3072K, reserved 1048576K
}
Event: 1.306 GC heap before
{Heap before GC invocations=4 (full 1):
 PSYoungGen      total 28160K, used 3362K [0x00000000e0c00000, 0x00000000e4300000, 0x0000000100000000)
  eden space 24576K, 0% used [0x00000000e0c00000,0x00000000e0c00000,0x00000000e2400000)
  from space 3584K, 93% used [0x00000000e2400000,0x00000000e2748ad0,0x00000000e2780000)
  to   space 3584K, 0% used [0x00000000e3f80000,0x00000000e3f80000,0x00000000e4300000)
 ParOldGen       total 64512K, used 10623K [0x00000000a2400000, 0x00000000a6300000, 0x00000000e0c00000)
  object space 64512K, 16% used [0x00000000a2400000,0x00000000a2e5fe28,0x00000000a6300000)
 Metaspace       used 20207K, capacity 21186K, committed 21248K, reserved 1067008K
  class space    used 2843K, capacity 3043K, committed 3072K, reserved 1048576K
Event: 1.345 GC heap after
Heap after GC invocations=4 (full 1):
 PSYoungGen      total 28160K, used 0K [0x00000000e0c00000, 0x00000000e4300000, 0x0000000100000000)
  eden space 24576K, 0% used [0x00000000e0c00000,0x00000000e0c00000,0x00000000e2400000)
  from space 3584K, 0% used [0x00000000e2400000,0x00000000e2400000,0x00000000e2780000)
  to   space 3584K, 0% used [0x00000000e3f80000,0x00000000e3f80000,0x00000000e4300000)
 ParOldGen       total 62464K, used 13447K [0x00000000a2400000, 0x00000000a6100000, 0x00000000e0c00000)
  object space 62464K, 21% used [0x00000000a2400000,0x00000000a3121f60,0x00000000a6100000)
 Metaspace       used 20207K, capacity 21186K, committed 21248K, reserved 1067008K
  class space    used 2843K, capacity 3043K, committed 3072K, reserved 1048576K
}
Event: 2.753 GC heap before
{Heap before GC invocations=5 (full 1):
 PSYoungGen      total 28160K, used 24230K [0x00000000e0c00000, 0x00000000e4300000, 0x0000000100000000)
  eden space 24576K, 98% used [0x00000000e0c00000,0x00000000e23a98e0,0x00000000e2400000)
  from space 3584K, 0% used [0x00000000e2400000,0x00000000e2400000,0x00000000e2780000)
  to   space 3584K, 0% used [0x00000000e3f80000,0x00000000e3f80000,0x00000000e4300000)
 ParOldGen       total 62464K, used 13447K [0x00000000a2400000, 0x00000000a6100000, 0x00000000e0c00000)
  object space 62464K, 21% used [0x00000000a2400000,0x00000000a3121f60,0x00000000a6100000)
 Metaspace       used 22644K, capacity 23838K, committed 23936K, reserved 1069056K
  class space    used 3115K, capacity 3369K, committed 3456K, reserved 1048576K
Event: 2.757 GC heap after
Heap after GC invocations=5 (full 1):
 PSYoungGen      total 36352K, used 3552K [0x00000000e0c00000, 0x00000000e4300000, 0x0000000100000000)
  eden space 32768K, 0% used [0x00000000e0c00000,0x00000000e0c00000,0x00000000e2c00000)
  from space 3584K, 99% used [0x00000000e3f80000,0x00000000e42f8010,0x00000000e4300000)
  to   space 3584K, 0% used [0x00000000e3c00000,0x00000000e3c00000,0x00000000e3f80000)
 ParOldGen       total 62464K, used 18620K [0x00000000a2400000, 0x00000000a6100000, 0x00000000e0c00000)
  object space 62464K, 29% used [0x00000000a2400000,0x00000000a362f0b0,0x00000000a6100000)
 Metaspace       used 22644K, capacity 23838K, committed 23936K, reserved 1069056K
  class space    used 3115K, capacity 3369K, committed 3456K, reserved 1048576K
}
Event: 3.034 GC heap before
{Heap before GC invocations=6 (full 1):
 PSYoungGen      total 36352K, used 36320K [0x00000000e0c00000, 0x00000000e4300000, 0x0000000100000000)
  eden space 32768K, 100% used [0x00000000e0c00000,0x00000000e2c00000,0x00000000e2c00000)
  from space 3584K, 99% used [0x00000000e3f80000,0x00000000e42f8010,0x00000000e4300000)
  to   space 3584K, 0% used [0x00000000e3c00000,0x00000000e3c00000,0x00000000e3f80000)
 ParOldGen       total 62464K, used 18620K [0x00000000a2400000, 0x00000000a6100000, 0x00000000e0c00000)
  object space 62464K, 29% used [0x00000000a2400000,0x00000000a362f0b0,0x00000000a6100000)
 Metaspace       used 25910K, capacity 27098K, committed 27264K, reserved 1073152K
  class space    used 3446K, capacity 3699K, committed 3712K, reserved 1048576K
Event: 3.040 GC heap after
Heap after GC invocations=6 (full 1):
 PSYoungGen      total 48128K, used 3552K [0x00000000e0c00000, 0x00000000e5780000, 0x0000000100000000)
  eden space 44544K, 0% used [0x00000000e0c00000,0x00000000e0c00000,0x00000000e3780000)
  from space 3584K, 99% used [0x00000000e3c00000,0x00000000e3f78010,0x00000000e3f80000)
  to   space 16384K, 0% used [0x00000000e4780000,0x00000000e4780000,0x00000000e5780000)
 ParOldGen       total 62464K, used 28176K [0x00000000a2400000, 0x00000000a6100000, 0x00000000e0c00000)
  object space 62464K, 45% used [0x00000000a2400000,0x00000000a3f841f0,0x00000000a6100000)
 Metaspace       used 25910K, capacity 27098K, committed 27264K, reserved 1073152K
  class space    used 3446K, capacity 3699K, committed 3712K, reserved 1048576K
}
Event: 16.346 GC heap before
{Heap before GC invocations=7 (full 1):
 PSYoungGen      total 48128K, used 48096K [0x00000000e0c00000, 0x00000000e5780000, 0x0000000100000000)
  eden space 44544K, 100% used [0x00000000e0c00000,0x00000000e3780000,0x00000000e3780000)
  from space 3584K, 99% used [0x00000000e3c00000,0x00000000e3f78010,0x00000000e3f80000)
  to   space 16384K, 0% used [0x00000000e4780000,0x00000000e4780000,0x00000000e5780000)
 ParOldGen       total 62464K, used 28176K [0x00000000a2400000, 0x00000000a6100000, 0x00000000e0c00000)
  object space 62464K, 45% used [0x00000000a2400000,0x00000000a3f841f0,0x00000000a6100000)
 Metaspace       used 27613K, capacity 28932K, committed 29184K, reserved 1075200K
  class space    used 3540K, capacity 3826K, committed 3840K, reserved 1048576K
Event: 16.352 GC heap after
Heap after GC invocations=7 (full 1):
 PSYoungGen      total 60928K, used 11082K [0x00000000e0c00000, 0x00000000e6400000, 0x0000000100000000)
  eden space 44544K, 0% used [0x00000000e0c00000,0x00000000e0c00000,0x00000000e3780000)
  from space 16384K, 67% used [0x00000000e4780000,0x00000000e5252980,0x00000000e5780000)
  to   space 16384K, 0% used [0x00000000e3780000,0x00000000e3780000,0x00000000e4780000)
 ParOldGen       total 62464K, used 28184K [0x00000000a2400000, 0x00000000a6100000, 0x00000000e0c00000)
  object space 62464K, 45% used [0x00000000a2400000,0x00000000a3f861f0,0x00000000a6100000)
 Metaspace       used 27613K, capacity 28932K, committed 29184K, reserved 1075200K
  class space    used 3540K, capacity 3826K, committed 3840K, reserved 1048576K
}

